<?xml version="1.0" encoding="UTF-8"?>
<!-- Generated by org.testng.reporters.JUnitReportReporter -->
<testsuite hostname="QT-INBG-LT0263" failures="0" tests="1" name="ppom.Signin" time="14.189" errors="0" timestamp="2022-10-12T15:28:11 IST" skipped="0">
  <testcase classname="ppom.Signin" name="signin" time="14.189"/>
  <system-out/>
</testsuite> <!-- ppom.Signin -->
