<?xml version="1.0" encoding="UTF-8"?>
<!-- Generated by org.testng.reporters.JUnitReportReporter -->
<testsuite hostname="QT-INBG-LT0263" failures="0" tests="1" name="ppom.SignUp" time="9.215" errors="0" timestamp="2022-10-12T10:35:41 IST" skipped="0">
  <testcase classname="ppom.SignUp" name="signup" time="9.215"/>
  <system-out/>
</testsuite> <!-- ppom.SignUp -->
