<?xml version="1.0" encoding="UTF-8"?>
<!-- Generated by org.testng.reporters.JUnitReportReporter -->
<testsuite hostname="QT-INBG-LT0263" failures="0" tests="1" name="ppom.Amobiles" time="28.009" errors="0" timestamp="2022-10-14T11:46:38 IST" skipped="0">
  <testcase classname="ppom.Amobiles" name="allmobiles" time="28.009"/>
  <system-out/>
</testsuite> <!-- ppom.Amobiles -->
